<?xml version="1.0" encoding="UTF-8"?>
<!-- Generated by org.testng.reporters.JUnitReportReporter -->
<testsuite hostname="DESKTOP-LHMO7C5" failures="0" tests="1" name="runner.TestRunner" time="12.857" errors="1" timestamp="2024-10-18T21:34:54 IST" skipped="0">
  <testcase classname="runner.TestRunner" name="runScenario" time="12.857">
    <error message="Property code is not specified in the creds file" type="java.lang.RuntimeException">
      <![CDATA[java.lang.RuntimeException: Property code is not specified in the creds file
at utilities.CredsLoader.getProperty(CredsLoader.java:18)
at scenarios.stepDefinitions.Login.LoginStepDef.logInToDMS(LoginStepDef.java:38)
at ✽.Log In to DMS(file:///C:/Users/Admin/Downloads/KooversWeb-master/src/test/java/scenarios/features/Login/Login.feature:5)
]]>
    </error>
  </testcase> <!-- runScenario -->
  <system-out/>
</testsuite> <!-- runner.TestRunner -->
